2026-06-15 14:53:50 [INFO] (root:56) - 📝 Logging-System initialisiert. Log-Datei: 'energy_optimizer.log' (max 5x5MB)
2026-06-15 14:53:50 [INFO] (main:20) - --- Energy Optimizer Live-Abfrage gestartet ---
2026-06-15 14:53:50 [INFO] (main:54) - Berechnete Werte für Loxone -> MODE: 0 | TARGET_POWER: 0.0 kW
2026-06-15 14:53:50 [INFO] (main:57) - 📤 Sende Werte an Loxone...
2026-06-15 14:58:50 [INFO] (root:56) - 📝 Logging-System initialisiert. Log-Datei: 'energy_optimizer.log' (max 5x5MB)
2026-06-15 14:58:50 [INFO] (main:20) - --- Energy Optimizer Live-Abfrage gestartet ---
2026-06-15 14:58:51 [INFO] (main:54) - Berechnete Werte für Loxone -> MODE: 0 | TARGET_POWER: 0.0 kW
2026-06-15 14:58:51 [INFO] (main:57) - 📤 Sende Werte an Loxone...
2026-06-15 15:03:51 [INFO] (root:56) - 📝 Logging-System initialisiert. Log-Datei: 'energy_optimizer.log' (max 5x5MB)
2026-06-15 15:03:51 [INFO] (main:20) - --- Energy Optimizer Live-Abfrage gestartet ---
2026-06-15 15:03:52 [INFO] (main:54) - Berechnete Werte für Loxone -> MODE: 0 | TARGET_POWER: 0.0 kW
2026-06-15 15:03:52 [INFO] (main:57) - 📤 Sende Werte an Loxone...
2026-06-15 23:24:34 [INFO] (root:56) - 📝 Logging-System initialisiert. Log-Datei: 'energy_optimizer.log' (max 5x5MB)
2026-06-15 23:24:34 [INFO] (main:21) - --- Energy Optimizer Live-Abfrage gestartet ---
2026-06-15 23:25:32 [INFO] (root:56) - 📝 Logging-System initialisiert. Log-Datei: 'energy_optimizer.log' (max 5x5MB)
2026-06-15 23:25:32 [INFO] (main:21) - --- Energy Optimizer Live-Abfrage gestartet ---
2026-06-15 23:30:21 [INFO] (root:56) - 📝 Logging-System initialisiert. Log-Datei: 'energy_optimizer.log' (max 5x5MB)
2026-06-15 23:30:21 [INFO] (main:21) - --- Energy Optimizer Live-Abfrage gestartet ---
2026-06-15 23:31:08 [INFO] (root:56) - 📝 Logging-System initialisiert. Log-Datei: 'energy_optimizer.log' (max 5x5MB)
2026-06-15 23:31:08 [INFO] (main:21) - --- Energy Optimizer Live-Abfrage gestartet ---
2026-06-15 23:32:39 [INFO] (root:56) - 📝 Logging-System initialisiert. Log-Datei: 'energy_optimizer.log' (max 5x5MB)
2026-06-15 23:32:39 [INFO] (main:21) - --- Energy Optimizer Live-Abfrage gestartet ---
2026-06-15 23:33:59 [INFO] (root:56) - 📝 Logging-System initialisiert. Log-Datei: 'energy_optimizer.log' (max 5x5MB)
2026-06-15 23:33:59 [INFO] (main:21) - --- Energy Optimizer Live-Abfrage gestartet ---
2026-06-15 23:35:06 [INFO] (root:56) - 📝 Logging-System initialisiert. Log-Datei: 'energy_optimizer.log' (max 5x5MB)
2026-06-15 23:35:06 [INFO] (main:21) - --- Energy Optimizer Live-Abfrage gestartet ---
2026-06-15 23:38:54 [INFO] (root:56) - 📝 Logging-System initialisiert. Log-Datei: 'energy_optimizer.log' (max 5x5MB)
2026-06-15 23:38:54 [INFO] (main:21) - --- Energy Optimizer Live-Abfrage gestartet ---
2026-06-15 23:39:35 [INFO] (root:56) - 📝 Logging-System initialisiert. Log-Datei: 'energy_optimizer.log' (max 5x5MB)
2026-06-15 23:39:35 [INFO] (main:21) - --- Energy Optimizer Live-Abfrage gestartet ---
2026-06-15 23:39:39 [INFO] (pv_tuner:94) - ℹ️ Keine 'pv_counter_state.json' gefunden. Initialisiere Zustand für den Erststart...
2026-06-15 23:39:47 [ERROR] (pv_tuner:104) - 🚨 Fehler beim Erstellen der State-Datei: name 'json' is not defined
2026-06-15 23:40:29 [INFO] (root:56) - 📝 Logging-System initialisiert. Log-Datei: 'energy_optimizer.log' (max 5x5MB)
2026-06-15 23:40:29 [INFO] (main:21) - --- Energy Optimizer Live-Abfrage gestartet ---
2026-06-15 23:40:30 [ERROR] (pv_tuner:113) - 🚨 Fehler beim Lesen von pv_counter_state.json: Expecting value: line 1 column 1 (char 0)
2026-06-15 23:40:35 [WARNING] (main:40) - ⚠️ Tuning/Optimierungsdurchlauf für diese Stunde ausgesetzt (Warten auf valides Delta).
2026-06-15 23:41:35 [INFO] (root:56) - 📝 Logging-System initialisiert. Log-Datei: 'energy_optimizer.log' (max 5x5MB)
2026-06-15 23:41:35 [INFO] (main:21) - --- Energy Optimizer Live-Abfrage gestartet ---
2026-06-15 23:41:47 [ERROR] (pv_tuner:113) - 🚨 Fehler beim Lesen von pv_counter_state.json: Expecting value: line 1 column 1 (char 0)
2026-06-15 23:41:47 [WARNING] (main:40) - ⚠️ Tuning/Optimierungsdurchlauf für diese Stunde ausgesetzt (Warten auf valides Delta).
2026-06-15 23:42:08 [INFO] (root:56) - 📝 Logging-System initialisiert. Log-Datei: 'energy_optimizer.log' (max 5x5MB)
2026-06-15 23:42:08 [INFO] (main:21) - --- Energy Optimizer Live-Abfrage gestartet ---
2026-06-15 23:49:57 [INFO] (root:56) - 📝 Logging-System initialisiert. Log-Datei: 'energy_optimizer.log' (max 5x5MB)
2026-06-15 23:49:57 [INFO] (main:21) - --- Energy Optimizer Live-Abfrage gestartet ---
2026-06-15 23:49:58 [INFO] (pv_tuner:86) - ⏳ Erststart-Wert erfolgreich atomar gesichert. Das Feintuning wird für diese Stunde ausgesetzt.
2026-06-15 23:49:58 [WARNING] (main:40) - ⚠️ Tuning/Optimierungsdurchlauf für diese Stunde ausgesetzt (Warten auf valides Delta).
2026-06-15 23:50:58 [INFO] (root:56) - 📝 Logging-System initialisiert. Log-Datei: 'energy_optimizer.log' (max 5x5MB)
2026-06-15 23:50:58 [INFO] (main:21) - --- Energy Optimizer Live-Abfrage gestartet ---
2026-06-15 23:51:18 [INFO] (pv_tuner:116) - 💾 PV-Zustand erfolgreich atomar aktualisiert. Delta: 0.000 kWh
2026-06-15 23:51:20 [INFO] (main:43) - 📊 Tatsächlicher PV-Ertrag der letzten Stunde: 0.000 kWh
2026-06-15 23:51:20 [INFO] (main:63) - Berechnete Werte für Loxone -> MODE: 0 | TARGET_POWER: 0.0 kW
2026-06-15 23:51:20 [INFO] (main:66) - 📤 Sende Werte an Loxone...
2026-06-15 23:51:42 [INFO] (root:56) - 📝 Logging-System initialisiert. Log-Datei: 'energy_optimizer.log' (max 5x5MB)
2026-06-15 23:51:42 [INFO] (main:21) - --- Energy Optimizer Live-Abfrage gestartet ---
2026-06-15 23:51:46 [INFO] (pv_tuner:116) - 💾 PV-Zustand erfolgreich atomar aktualisiert. Delta: 0.030 kWh
2026-06-15 23:51:46 [INFO] (main:43) - 📊 Tatsächlicher PV-Ertrag der letzten Stunde: 0.030 kWh
2026-06-15 23:51:47 [INFO] (main:63) - Berechnete Werte für Loxone -> MODE: 0 | TARGET_POWER: 0.0 kW
2026-06-15 23:51:47 [INFO] (main:66) - 📤 Sende Werte an Loxone...
2026-06-15 23:52:17 [INFO] (root:56) - 📝 Logging-System initialisiert. Log-Datei: 'energy_optimizer.log' (max 5x5MB)
2026-06-15 23:52:17 [INFO] (main:21) - --- Energy Optimizer Live-Abfrage gestartet ---
2026-06-15 23:52:17 [INFO] (pv_tuner:116) - 💾 PV-Zustand erfolgreich atomar aktualisiert. Delta: 0.000 kWh
2026-06-15 23:52:17 [INFO] (main:43) - 📊 Tatsächlicher PV-Ertrag der letzten Stunde: 0.000 kWh
2026-06-15 23:52:17 [INFO] (main:63) - Berechnete Werte für Loxone -> MODE: 0 | TARGET_POWER: 0.0 kW
2026-06-15 23:52:17 [INFO] (main:66) - 📤 Sende Werte an Loxone...
2026-06-15 23:52:47 [INFO] (root:56) - 📝 Logging-System initialisiert. Log-Datei: 'energy_optimizer.log' (max 5x5MB)
2026-06-15 23:52:47 [INFO] (main:21) - --- Energy Optimizer Live-Abfrage gestartet ---
2026-06-15 23:52:48 [INFO] (pv_tuner:116) - 💾 PV-Zustand erfolgreich atomar aktualisiert. Delta: 0.020 kWh
2026-06-15 23:52:48 [INFO] (main:43) - 📊 Tatsächlicher PV-Ertrag der letzten Stunde: 0.020 kWh
2026-06-15 23:52:48 [INFO] (main:63) - Berechnete Werte für Loxone -> MODE: 0 | TARGET_POWER: 0.0 kW
2026-06-15 23:52:48 [INFO] (main:66) - 📤 Sende Werte an Loxone...
2026-06-15 23:53:18 [INFO] (root:56) - 📝 Logging-System initialisiert. Log-Datei: 'energy_optimizer.log' (max 5x5MB)
2026-06-15 23:53:18 [INFO] (main:21) - --- Energy Optimizer Live-Abfrage gestartet ---
2026-06-15 23:53:19 [INFO] (pv_tuner:116) - 💾 PV-Zustand erfolgreich atomar aktualisiert. Delta: 0.000 kWh
2026-06-15 23:53:19 [INFO] (main:43) - 📊 Tatsächlicher PV-Ertrag der letzten Stunde: 0.000 kWh
2026-06-15 23:53:19 [INFO] (main:63) - Berechnete Werte für Loxone -> MODE: 0 | TARGET_POWER: 0.0 kW
2026-06-15 23:53:19 [INFO] (main:66) - 📤 Sende Werte an Loxone...
2026-06-15 23:53:49 [INFO] (root:56) - 📝 Logging-System initialisiert. Log-Datei: 'energy_optimizer.log' (max 5x5MB)
2026-06-15 23:53:49 [INFO] (main:21) - --- Energy Optimizer Live-Abfrage gestartet ---
2026-06-15 23:53:50 [INFO] (pv_tuner:116) - 💾 PV-Zustand erfolgreich atomar aktualisiert. Delta: 0.000 kWh
2026-06-15 23:53:50 [INFO] (main:43) - 📊 Tatsächlicher PV-Ertrag der letzten Stunde: 0.000 kWh
2026-06-15 23:53:51 [INFO] (main:63) - Berechnete Werte für Loxone -> MODE: 0 | TARGET_POWER: 0.0 kW
2026-06-15 23:53:51 [INFO] (main:66) - 📤 Sende Werte an Loxone...
2026-06-15 23:54:21 [INFO] (root:56) - 📝 Logging-System initialisiert. Log-Datei: 'energy_optimizer.log' (max 5x5MB)
2026-06-15 23:54:21 [INFO] (main:21) - --- Energy Optimizer Live-Abfrage gestartet ---
2026-06-15 23:54:22 [INFO] (pv_tuner:116) - 💾 PV-Zustand erfolgreich atomar aktualisiert. Delta: 0.020 kWh
2026-06-15 23:54:22 [INFO] (main:43) - 📊 Tatsächlicher PV-Ertrag der letzten Stunde: 0.020 kWh
2026-06-15 23:54:22 [INFO] (main:63) - Berechnete Werte für Loxone -> MODE: 0 | TARGET_POWER: 0.0 kW
2026-06-15 23:54:22 [INFO] (main:66) - 📤 Sende Werte an Loxone...
2026-06-15 23:54:52 [INFO] (root:56) - 📝 Logging-System initialisiert. Log-Datei: 'energy_optimizer.log' (max 5x5MB)
2026-06-15 23:54:52 [INFO] (main:21) - --- Energy Optimizer Live-Abfrage gestartet ---
2026-06-15 23:54:53 [INFO] (pv_tuner:116) - 💾 PV-Zustand erfolgreich atomar aktualisiert. Delta: 0.000 kWh
2026-06-15 23:54:53 [INFO] (main:43) - 📊 Tatsächlicher PV-Ertrag der letzten Stunde: 0.000 kWh
2026-06-15 23:54:54 [INFO] (main:63) - Berechnete Werte für Loxone -> MODE: 0 | TARGET_POWER: 0.0 kW
2026-06-15 23:54:54 [INFO] (main:66) - 📤 Sende Werte an Loxone...
2026-06-15 23:55:24 [INFO] (root:56) - 📝 Logging-System initialisiert. Log-Datei: 'energy_optimizer.log' (max 5x5MB)
2026-06-15 23:55:24 [INFO] (main:21) - --- Energy Optimizer Live-Abfrage gestartet ---
2026-06-15 23:55:25 [INFO] (pv_tuner:116) - 💾 PV-Zustand erfolgreich atomar aktualisiert. Delta: 0.020 kWh
2026-06-15 23:55:25 [INFO] (main:43) - 📊 Tatsächlicher PV-Ertrag der letzten Stunde: 0.020 kWh
2026-06-15 23:55:26 [INFO] (main:63) - Berechnete Werte für Loxone -> MODE: 0 | TARGET_POWER: 0.0 kW
2026-06-15 23:55:26 [INFO] (main:66) - 📤 Sende Werte an Loxone...
2026-06-15 23:55:56 [INFO] (root:56) - 📝 Logging-System initialisiert. Log-Datei: 'energy_optimizer.log' (max 5x5MB)
2026-06-15 23:55:56 [INFO] (main:21) - --- Energy Optimizer Live-Abfrage gestartet ---
2026-06-15 23:55:57 [INFO] (pv_tuner:116) - 💾 PV-Zustand erfolgreich atomar aktualisiert. Delta: 0.000 kWh
2026-06-15 23:55:57 [INFO] (main:43) - 📊 Tatsächlicher PV-Ertrag der letzten Stunde: 0.000 kWh
2026-06-15 23:55:58 [INFO] (main:63) - Berechnete Werte für Loxone -> MODE: 0 | TARGET_POWER: 0.0 kW
2026-06-15 23:55:58 [INFO] (main:66) - 📤 Sende Werte an Loxone...
2026-06-15 23:56:28 [INFO] (root:56) - 📝 Logging-System initialisiert. Log-Datei: 'energy_optimizer.log' (max 5x5MB)
2026-06-15 23:56:28 [INFO] (main:21) - --- Energy Optimizer Live-Abfrage gestartet ---
2026-06-15 23:56:29 [INFO] (pv_tuner:116) - 💾 PV-Zustand erfolgreich atomar aktualisiert. Delta: 0.020 kWh
2026-06-15 23:56:29 [INFO] (main:43) - 📊 Tatsächlicher PV-Ertrag der letzten Stunde: 0.020 kWh
2026-06-15 23:56:31 [INFO] (main:63) - Berechnete Werte für Loxone -> MODE: 0 | TARGET_POWER: 0.0 kW
2026-06-15 23:56:31 [INFO] (main:66) - 📤 Sende Werte an Loxone...
2026-06-15 23:57:01 [INFO] (root:56) - 📝 Logging-System initialisiert. Log-Datei: 'energy_optimizer.log' (max 5x5MB)
2026-06-15 23:57:01 [INFO] (main:21) - --- Energy Optimizer Live-Abfrage gestartet ---
2026-06-15 23:57:02 [INFO] (pv_tuner:116) - 💾 PV-Zustand erfolgreich atomar aktualisiert. Delta: 0.000 kWh
2026-06-15 23:57:02 [INFO] (main:43) - 📊 Tatsächlicher PV-Ertrag der letzten Stunde: 0.000 kWh
2026-06-15 23:57:02 [INFO] (main:63) - Berechnete Werte für Loxone -> MODE: 0 | TARGET_POWER: 0.0 kW
2026-06-15 23:57:02 [INFO] (main:66) - 📤 Sende Werte an Loxone...
2026-06-15 23:57:32 [INFO] (root:56) - 📝 Logging-System initialisiert. Log-Datei: 'energy_optimizer.log' (max 5x5MB)
2026-06-15 23:57:32 [INFO] (main:21) - --- Energy Optimizer Live-Abfrage gestartet ---
2026-06-15 23:57:33 [INFO] (pv_tuner:116) - 💾 PV-Zustand erfolgreich atomar aktualisiert. Delta: 0.020 kWh
2026-06-15 23:57:33 [INFO] (main:43) - 📊 Tatsächlicher PV-Ertrag der letzten Stunde: 0.020 kWh
2026-06-15 23:57:34 [INFO] (main:63) - Berechnete Werte für Loxone -> MODE: 0 | TARGET_POWER: 0.0 kW
2026-06-15 23:57:34 [INFO] (main:66) - 📤 Sende Werte an Loxone...
2026-06-15 23:58:04 [INFO] (root:56) - 📝 Logging-System initialisiert. Log-Datei: 'energy_optimizer.log' (max 5x5MB)
2026-06-15 23:58:04 [INFO] (main:21) - --- Energy Optimizer Live-Abfrage gestartet ---
2026-06-15 23:58:04 [INFO] (pv_tuner:116) - 💾 PV-Zustand erfolgreich atomar aktualisiert. Delta: 0.000 kWh
2026-06-15 23:58:04 [INFO] (main:43) - 📊 Tatsächlicher PV-Ertrag der letzten Stunde: 0.000 kWh
2026-06-15 23:58:05 [INFO] (main:63) - Berechnete Werte für Loxone -> MODE: 0 | TARGET_POWER: 0.0 kW
2026-06-15 23:58:05 [INFO] (main:66) - 📤 Sende Werte an Loxone...
2026-06-15 23:58:35 [INFO] (root:56) - 📝 Logging-System initialisiert. Log-Datei: 'energy_optimizer.log' (max 5x5MB)
2026-06-15 23:58:35 [INFO] (main:21) - --- Energy Optimizer Live-Abfrage gestartet ---
2026-06-15 23:58:36 [INFO] (pv_tuner:116) - 💾 PV-Zustand erfolgreich atomar aktualisiert. Delta: 0.020 kWh
2026-06-15 23:58:36 [INFO] (main:43) - 📊 Tatsächlicher PV-Ertrag der letzten Stunde: 0.020 kWh
2026-06-15 23:58:37 [INFO] (main:63) - Berechnete Werte für Loxone -> MODE: 0 | TARGET_POWER: 0.0 kW
2026-06-15 23:58:37 [INFO] (main:66) - 📤 Sende Werte an Loxone...
2026-06-15 23:59:07 [INFO] (root:56) - 📝 Logging-System initialisiert. Log-Datei: 'energy_optimizer.log' (max 5x5MB)
2026-06-15 23:59:07 [INFO] (main:21) - --- Energy Optimizer Live-Abfrage gestartet ---
2026-06-15 23:59:07 [INFO] (pv_tuner:116) - 💾 PV-Zustand erfolgreich atomar aktualisiert. Delta: 0.000 kWh
2026-06-15 23:59:07 [INFO] (main:43) - 📊 Tatsächlicher PV-Ertrag der letzten Stunde: 0.000 kWh
2026-06-15 23:59:14 [INFO] (main:63) - Berechnete Werte für Loxone -> MODE: 0 | TARGET_POWER: 0.0 kW
2026-06-15 23:59:14 [INFO] (main:66) - 📤 Sende Werte an Loxone...
2026-06-15 23:59:44 [INFO] (root:56) - 📝 Logging-System initialisiert. Log-Datei: 'energy_optimizer.log' (max 5x5MB)
2026-06-15 23:59:44 [INFO] (main:21) - --- Energy Optimizer Live-Abfrage gestartet ---
2026-06-15 23:59:45 [INFO] (pv_tuner:116) - 💾 PV-Zustand erfolgreich atomar aktualisiert. Delta: 0.020 kWh
2026-06-15 23:59:45 [INFO] (main:43) - 📊 Tatsächlicher PV-Ertrag der letzten Stunde: 0.020 kWh
2026-06-15 23:59:45 [INFO] (main:63) - Berechnete Werte für Loxone -> MODE: 0 | TARGET_POWER: 0.0 kW
2026-06-15 23:59:45 [INFO] (main:66) - 📤 Sende Werte an Loxone...
2026-06-16 00:00:15 [INFO] (root:56) - 📝 Logging-System initialisiert. Log-Datei: 'energy_optimizer.log' (max 5x5MB)
2026-06-16 00:00:15 [INFO] (main:21) - --- Energy Optimizer Live-Abfrage gestartet ---
2026-06-16 00:00:16 [INFO] (pv_tuner:116) - 💾 PV-Zustand erfolgreich atomar aktualisiert. Delta: 0.000 kWh
2026-06-16 00:00:16 [INFO] (main:43) - 📊 Tatsächlicher PV-Ertrag der letzten Stunde: 0.000 kWh
2026-06-16 00:00:16 [INFO] (main:63) - Berechnete Werte für Loxone -> MODE: 0 | TARGET_POWER: 0.0 kW
2026-06-16 00:00:16 [INFO] (main:66) - 📤 Sende Werte an Loxone...
2026-06-16 00:00:46 [INFO] (root:56) - 📝 Logging-System initialisiert. Log-Datei: 'energy_optimizer.log' (max 5x5MB)
2026-06-16 00:00:46 [INFO] (main:21) - --- Energy Optimizer Live-Abfrage gestartet ---
2026-06-16 00:00:47 [INFO] (pv_tuner:116) - 💾 PV-Zustand erfolgreich atomar aktualisiert. Delta: 0.000 kWh
2026-06-16 00:00:47 [INFO] (main:43) - 📊 Tatsächlicher PV-Ertrag der letzten Stunde: 0.000 kWh
2026-06-16 00:00:47 [INFO] (main:63) - Berechnete Werte für Loxone -> MODE: 0 | TARGET_POWER: 0.0 kW
2026-06-16 00:00:47 [INFO] (main:66) - 📤 Sende Werte an Loxone...
2026-06-16 00:01:17 [INFO] (root:56) - 📝 Logging-System initialisiert. Log-Datei: 'energy_optimizer.log' (max 5x5MB)
2026-06-16 00:01:17 [INFO] (main:21) - --- Energy Optimizer Live-Abfrage gestartet ---
2026-06-16 00:01:18 [INFO] (pv_tuner:116) - 💾 PV-Zustand erfolgreich atomar aktualisiert. Delta: 0.020 kWh
2026-06-16 00:01:18 [INFO] (main:43) - 📊 Tatsächlicher PV-Ertrag der letzten Stunde: 0.020 kWh
2026-06-16 00:01:19 [INFO] (main:63) - Berechnete Werte für Loxone -> MODE: 0 | TARGET_POWER: 0.0 kW
2026-06-16 00:01:19 [INFO] (main:66) - 📤 Sende Werte an Loxone...
2026-06-16 00:01:49 [INFO] (root:56) - 📝 Logging-System initialisiert. Log-Datei: 'energy_optimizer.log' (max 5x5MB)
2026-06-16 00:01:49 [INFO] (main:21) - --- Energy Optimizer Live-Abfrage gestartet ---
2026-06-16 00:01:50 [INFO] (pv_tuner:116) - 💾 PV-Zustand erfolgreich atomar aktualisiert. Delta: 0.000 kWh
2026-06-16 00:01:50 [INFO] (main:43) - 📊 Tatsächlicher PV-Ertrag der letzten Stunde: 0.000 kWh
2026-06-16 00:01:52 [INFO] (main:63) - Berechnete Werte für Loxone -> MODE: 0 | TARGET_POWER: 0.0 kW
2026-06-16 00:01:52 [INFO] (main:66) - 📤 Sende Werte an Loxone...
2026-06-16 00:02:22 [INFO] (root:56) - 📝 Logging-System initialisiert. Log-Datei: 'energy_optimizer.log' (max 5x5MB)
2026-06-16 00:02:22 [INFO] (main:21) - --- Energy Optimizer Live-Abfrage gestartet ---
2026-06-16 00:02:23 [INFO] (pv_tuner:116) - 💾 PV-Zustand erfolgreich atomar aktualisiert. Delta: 0.020 kWh
2026-06-16 00:02:23 [INFO] (main:43) - 📊 Tatsächlicher PV-Ertrag der letzten Stunde: 0.020 kWh
2026-06-16 00:02:24 [INFO] (main:63) - Berechnete Werte für Loxone -> MODE: 0 | TARGET_POWER: 0.0 kW
2026-06-16 00:02:24 [INFO] (main:66) - 📤 Sende Werte an Loxone...
2026-06-16 00:02:54 [INFO] (root:56) - 📝 Logging-System initialisiert. Log-Datei: 'energy_optimizer.log' (max 5x5MB)
2026-06-16 00:02:54 [INFO] (main:21) - --- Energy Optimizer Live-Abfrage gestartet ---
2026-06-16 00:02:55 [INFO] (pv_tuner:116) - 💾 PV-Zustand erfolgreich atomar aktualisiert. Delta: 0.000 kWh
2026-06-16 00:02:55 [INFO] (main:43) - 📊 Tatsächlicher PV-Ertrag der letzten Stunde: 0.000 kWh
2026-06-16 00:02:56 [INFO] (main:63) - Berechnete Werte für Loxone -> MODE: 0 | TARGET_POWER: 0.0 kW
2026-06-16 00:02:56 [INFO] (main:66) - 📤 Sende Werte an Loxone...
2026-06-16 00:03:26 [INFO] (root:56) - 📝 Logging-System initialisiert. Log-Datei: 'energy_optimizer.log' (max 5x5MB)
2026-06-16 00:03:26 [INFO] (main:21) - --- Energy Optimizer Live-Abfrage gestartet ---
2026-06-16 00:03:26 [INFO] (pv_tuner:116) - 💾 PV-Zustand erfolgreich atomar aktualisiert. Delta: 0.000 kWh
2026-06-16 00:03:26 [INFO] (main:43) - 📊 Tatsächlicher PV-Ertrag der letzten Stunde: 0.000 kWh
2026-06-16 00:03:27 [INFO] (main:63) - Berechnete Werte für Loxone -> MODE: 0 | TARGET_POWER: 0.0 kW
2026-06-16 00:03:27 [INFO] (main:66) - 📤 Sende Werte an Loxone...
2026-06-16 00:03:57 [INFO] (root:56) - 📝 Logging-System initialisiert. Log-Datei: 'energy_optimizer.log' (max 5x5MB)
2026-06-16 00:03:57 [INFO] (main:21) - --- Energy Optimizer Live-Abfrage gestartet ---
2026-06-16 00:03:58 [INFO] (pv_tuner:116) - 💾 PV-Zustand erfolgreich atomar aktualisiert. Delta: 0.000 kWh
2026-06-16 00:03:58 [INFO] (main:43) - 📊 Tatsächlicher PV-Ertrag der letzten Stunde: 0.000 kWh
2026-06-16 00:03:58 [INFO] (main:63) - Berechnete Werte für Loxone -> MODE: 0 | TARGET_POWER: 0.0 kW
2026-06-16 00:03:58 [INFO] (main:66) - 📤 Sende Werte an Loxone...
2026-06-16 00:04:28 [INFO] (root:56) - 📝 Logging-System initialisiert. Log-Datei: 'energy_optimizer.log' (max 5x5MB)
2026-06-16 00:04:28 [INFO] (main:21) - --- Energy Optimizer Live-Abfrage gestartet ---
2026-06-16 00:04:29 [INFO] (pv_tuner:116) - 💾 PV-Zustand erfolgreich atomar aktualisiert. Delta: 0.030 kWh
2026-06-16 00:04:29 [INFO] (main:43) - 📊 Tatsächlicher PV-Ertrag der letzten Stunde: 0.030 kWh
2026-06-16 00:04:29 [INFO] (main:63) - Berechnete Werte für Loxone -> MODE: 0 | TARGET_POWER: 0.0 kW
2026-06-16 00:04:29 [INFO] (main:66) - 📤 Sende Werte an Loxone...
2026-06-16 00:04:59 [INFO] (root:56) - 📝 Logging-System initialisiert. Log-Datei: 'energy_optimizer.log' (max 5x5MB)
2026-06-16 00:04:59 [INFO] (main:21) - --- Energy Optimizer Live-Abfrage gestartet ---
2026-06-16 00:05:00 [INFO] (pv_tuner:116) - 💾 PV-Zustand erfolgreich atomar aktualisiert. Delta: 0.000 kWh
2026-06-16 00:05:00 [INFO] (main:43) - 📊 Tatsächlicher PV-Ertrag der letzten Stunde: 0.000 kWh
2026-06-16 00:05:01 [INFO] (main:63) - Berechnete Werte für Loxone -> MODE: 0 | TARGET_POWER: 0.0 kW
2026-06-16 00:05:01 [INFO] (main:66) - 📤 Sende Werte an Loxone...
2026-06-16 00:05:31 [INFO] (root:56) - 📝 Logging-System initialisiert. Log-Datei: 'energy_optimizer.log' (max 5x5MB)
2026-06-16 00:05:31 [INFO] (main:21) - --- Energy Optimizer Live-Abfrage gestartet ---
2026-06-16 00:05:31 [INFO] (pv_tuner:116) - 💾 PV-Zustand erfolgreich atomar aktualisiert. Delta: 0.020 kWh
2026-06-16 00:05:31 [INFO] (main:43) - 📊 Tatsächlicher PV-Ertrag der letzten Stunde: 0.020 kWh
2026-06-16 00:05:32 [INFO] (main:63) - Berechnete Werte für Loxone -> MODE: 0 | TARGET_POWER: 0.0 kW
2026-06-16 00:05:32 [INFO] (main:66) - 📤 Sende Werte an Loxone...
2026-06-16 00:06:02 [INFO] (root:56) - 📝 Logging-System initialisiert. Log-Datei: 'energy_optimizer.log' (max 5x5MB)
2026-06-16 00:06:02 [INFO] (main:21) - --- Energy Optimizer Live-Abfrage gestartet ---
2026-06-16 00:06:03 [INFO] (pv_tuner:116) - 💾 PV-Zustand erfolgreich atomar aktualisiert. Delta: 0.000 kWh
2026-06-16 00:06:03 [INFO] (main:43) - 📊 Tatsächlicher PV-Ertrag der letzten Stunde: 0.000 kWh
2026-06-16 00:06:03 [INFO] (main:63) - Berechnete Werte für Loxone -> MODE: 0 | TARGET_POWER: 0.0 kW
2026-06-16 00:06:03 [INFO] (main:66) - 📤 Sende Werte an Loxone...
2026-06-16 00:06:33 [INFO] (root:56) - 📝 Logging-System initialisiert. Log-Datei: 'energy_optimizer.log' (max 5x5MB)
2026-06-16 00:06:33 [INFO] (main:21) - --- Energy Optimizer Live-Abfrage gestartet ---
2026-06-16 00:06:34 [INFO] (pv_tuner:116) - 💾 PV-Zustand erfolgreich atomar aktualisiert. Delta: 0.000 kWh
2026-06-16 00:06:34 [INFO] (main:43) - 📊 Tatsächlicher PV-Ertrag der letzten Stunde: 0.000 kWh
2026-06-16 00:06:34 [INFO] (main:63) - Berechnete Werte für Loxone -> MODE: 0 | TARGET_POWER: 0.0 kW
2026-06-16 00:06:34 [INFO] (main:66) - 📤 Sende Werte an Loxone...
2026-06-16 00:07:04 [INFO] (root:56) - 📝 Logging-System initialisiert. Log-Datei: 'energy_optimizer.log' (max 5x5MB)
2026-06-16 00:07:04 [INFO] (main:21) - --- Energy Optimizer Live-Abfrage gestartet ---
2026-06-16 00:07:05 [INFO] (pv_tuner:116) - 💾 PV-Zustand erfolgreich atomar aktualisiert. Delta: 0.020 kWh
2026-06-16 00:07:05 [INFO] (main:43) - 📊 Tatsächlicher PV-Ertrag der letzten Stunde: 0.020 kWh
2026-06-16 00:07:05 [INFO] (main:63) - Berechnete Werte für Loxone -> MODE: 0 | TARGET_POWER: 0.0 kW
2026-06-16 00:07:05 [INFO] (main:66) - 📤 Sende Werte an Loxone...
2026-06-16 00:07:35 [INFO] (root:56) - 📝 Logging-System initialisiert. Log-Datei: 'energy_optimizer.log' (max 5x5MB)
2026-06-16 00:07:35 [INFO] (main:21) - --- Energy Optimizer Live-Abfrage gestartet ---
2026-06-16 00:07:36 [INFO] (pv_tuner:116) - 💾 PV-Zustand erfolgreich atomar aktualisiert. Delta: 0.000 kWh
2026-06-16 00:07:36 [INFO] (main:43) - 📊 Tatsächlicher PV-Ertrag der letzten Stunde: 0.000 kWh
2026-06-16 00:07:36 [INFO] (main:63) - Berechnete Werte für Loxone -> MODE: 0 | TARGET_POWER: 0.0 kW
2026-06-16 00:07:36 [INFO] (main:66) - 📤 Sende Werte an Loxone...
2026-06-16 00:08:06 [INFO] (root:56) - 📝 Logging-System initialisiert. Log-Datei: 'energy_optimizer.log' (max 5x5MB)
2026-06-16 00:08:06 [INFO] (main:21) - --- Energy Optimizer Live-Abfrage gestartet ---
2026-06-16 00:08:07 [INFO] (pv_tuner:116) - 💾 PV-Zustand erfolgreich atomar aktualisiert. Delta: 0.010 kWh
2026-06-16 00:08:07 [INFO] (main:43) - 📊 Tatsächlicher PV-Ertrag der letzten Stunde: 0.010 kWh
2026-06-16 00:08:07 [INFO] (main:63) - Berechnete Werte für Loxone -> MODE: 0 | TARGET_POWER: 0.0 kW
2026-06-16 00:08:07 [INFO] (main:66) - 📤 Sende Werte an Loxone...
2026-06-16 00:08:37 [INFO] (root:56) - 📝 Logging-System initialisiert. Log-Datei: 'energy_optimizer.log' (max 5x5MB)
2026-06-16 00:08:37 [INFO] (main:21) - --- Energy Optimizer Live-Abfrage gestartet ---
2026-06-16 00:08:38 [INFO] (pv_tuner:116) - 💾 PV-Zustand erfolgreich atomar aktualisiert. Delta: 0.000 kWh
2026-06-16 00:08:38 [INFO] (main:43) - 📊 Tatsächlicher PV-Ertrag der letzten Stunde: 0.000 kWh
2026-06-16 00:08:39 [INFO] (main:63) - Berechnete Werte für Loxone -> MODE: 0 | TARGET_POWER: 0.0 kW
2026-06-16 00:08:39 [INFO] (main:66) - 📤 Sende Werte an Loxone...
2026-06-16 00:09:09 [INFO] (root:56) - 📝 Logging-System initialisiert. Log-Datei: 'energy_optimizer.log' (max 5x5MB)
2026-06-16 00:09:09 [INFO] (main:21) - --- Energy Optimizer Live-Abfrage gestartet ---
2026-06-16 00:09:09 [INFO] (pv_tuner:116) - 💾 PV-Zustand erfolgreich atomar aktualisiert. Delta: 0.020 kWh
2026-06-16 00:09:09 [INFO] (main:43) - 📊 Tatsächlicher PV-Ertrag der letzten Stunde: 0.020 kWh
2026-06-16 00:09:10 [INFO] (main:63) - Berechnete Werte für Loxone -> MODE: 0 | TARGET_POWER: 0.0 kW
2026-06-16 00:09:10 [INFO] (main:66) - 📤 Sende Werte an Loxone...
2026-06-16 00:09:40 [INFO] (root:56) - 📝 Logging-System initialisiert. Log-Datei: 'energy_optimizer.log' (max 5x5MB)
2026-06-16 00:09:40 [INFO] (main:21) - --- Energy Optimizer Live-Abfrage gestartet ---
2026-06-16 00:09:40 [INFO] (pv_tuner:116) - 💾 PV-Zustand erfolgreich atomar aktualisiert. Delta: 0.000 kWh
2026-06-16 00:09:40 [INFO] (main:43) - 📊 Tatsächlicher PV-Ertrag der letzten Stunde: 0.000 kWh
2026-06-16 00:09:41 [INFO] (main:63) - Berechnete Werte für Loxone -> MODE: 0 | TARGET_POWER: 0.0 kW
2026-06-16 00:09:41 [INFO] (main:66) - 📤 Sende Werte an Loxone...
2026-06-16 00:10:11 [INFO] (root:56) - 📝 Logging-System initialisiert. Log-Datei: 'energy_optimizer.log' (max 5x5MB)
2026-06-16 00:10:11 [INFO] (main:21) - --- Energy Optimizer Live-Abfrage gestartet ---
2026-06-16 00:10:11 [INFO] (pv_tuner:116) - 💾 PV-Zustand erfolgreich atomar aktualisiert. Delta: 0.020 kWh
2026-06-16 00:10:11 [INFO] (main:43) - 📊 Tatsächlicher PV-Ertrag der letzten Stunde: 0.020 kWh
2026-06-16 00:10:12 [INFO] (main:63) - Berechnete Werte für Loxone -> MODE: 0 | TARGET_POWER: 0.0 kW
2026-06-16 00:10:12 [INFO] (main:66) - 📤 Sende Werte an Loxone...
2026-06-16 00:10:42 [INFO] (root:56) - 📝 Logging-System initialisiert. Log-Datei: 'energy_optimizer.log' (max 5x5MB)
2026-06-16 00:10:42 [INFO] (main:21) - --- Energy Optimizer Live-Abfrage gestartet ---
2026-06-16 00:10:42 [INFO] (pv_tuner:116) - 💾 PV-Zustand erfolgreich atomar aktualisiert. Delta: 0.000 kWh
2026-06-16 00:10:42 [INFO] (main:43) - 📊 Tatsächlicher PV-Ertrag der letzten Stunde: 0.000 kWh
2026-06-16 00:10:43 [INFO] (main:63) - Berechnete Werte für Loxone -> MODE: 0 | TARGET_POWER: 0.0 kW
2026-06-16 00:10:43 [INFO] (main:66) - 📤 Sende Werte an Loxone...
2026-06-16 00:11:13 [INFO] (root:56) - 📝 Logging-System initialisiert. Log-Datei: 'energy_optimizer.log' (max 5x5MB)
2026-06-16 00:11:13 [INFO] (main:21) - --- Energy Optimizer Live-Abfrage gestartet ---
2026-06-16 00:11:13 [INFO] (pv_tuner:116) - 💾 PV-Zustand erfolgreich atomar aktualisiert. Delta: 0.000 kWh
2026-06-16 00:11:13 [INFO] (main:43) - 📊 Tatsächlicher PV-Ertrag der letzten Stunde: 0.000 kWh
2026-06-16 00:11:14 [INFO] (main:63) - Berechnete Werte für Loxone -> MODE: 0 | TARGET_POWER: 0.0 kW
2026-06-16 00:11:14 [INFO] (main:66) - 📤 Sende Werte an Loxone...
2026-06-16 00:11:44 [INFO] (root:56) - 📝 Logging-System initialisiert. Log-Datei: 'energy_optimizer.log' (max 5x5MB)
2026-06-16 00:11:44 [INFO] (main:21) - --- Energy Optimizer Live-Abfrage gestartet ---
2026-06-16 00:11:44 [INFO] (pv_tuner:116) - 💾 PV-Zustand erfolgreich atomar aktualisiert. Delta: 0.020 kWh
2026-06-16 00:11:44 [INFO] (main:43) - 📊 Tatsächlicher PV-Ertrag der letzten Stunde: 0.020 kWh
2026-06-16 00:11:45 [INFO] (main:63) - Berechnete Werte für Loxone -> MODE: 0 | TARGET_POWER: 0.0 kW
2026-06-16 00:11:45 [INFO] (main:66) - 📤 Sende Werte an Loxone...
2026-06-16 00:12:15 [INFO] (root:56) - 📝 Logging-System initialisiert. Log-Datei: 'energy_optimizer.log' (max 5x5MB)
2026-06-16 00:12:15 [INFO] (main:21) - --- Energy Optimizer Live-Abfrage gestartet ---
2026-06-16 00:12:15 [INFO] (pv_tuner:116) - 💾 PV-Zustand erfolgreich atomar aktualisiert. Delta: 0.000 kWh
2026-06-16 00:12:15 [INFO] (main:43) - 📊 Tatsächlicher PV-Ertrag der letzten Stunde: 0.000 kWh
2026-06-16 00:12:16 [INFO] (main:63) - Berechnete Werte für Loxone -> MODE: 0 | TARGET_POWER: 0.0 kW
2026-06-16 00:12:16 [INFO] (main:66) - 📤 Sende Werte an Loxone...
2026-06-16 00:12:46 [INFO] (root:56) - 📝 Logging-System initialisiert. Log-Datei: 'energy_optimizer.log' (max 5x5MB)
2026-06-16 00:12:46 [INFO] (main:21) - --- Energy Optimizer Live-Abfrage gestartet ---
2026-06-16 00:12:46 [INFO] (pv_tuner:116) - 💾 PV-Zustand erfolgreich atomar aktualisiert. Delta: 0.010 kWh
2026-06-16 00:12:46 [INFO] (main:43) - 📊 Tatsächlicher PV-Ertrag der letzten Stunde: 0.010 kWh
2026-06-16 00:12:47 [INFO] (main:63) - Berechnete Werte für Loxone -> MODE: 0 | TARGET_POWER: 0.0 kW
2026-06-16 00:12:47 [INFO] (main:66) - 📤 Sende Werte an Loxone...
2026-06-16 00:13:17 [INFO] (root:56) - 📝 Logging-System initialisiert. Log-Datei: 'energy_optimizer.log' (max 5x5MB)
2026-06-16 00:13:17 [INFO] (main:21) - --- Energy Optimizer Live-Abfrage gestartet ---
2026-06-16 00:13:17 [INFO] (pv_tuner:116) - 💾 PV-Zustand erfolgreich atomar aktualisiert. Delta: 0.000 kWh
2026-06-16 00:13:17 [INFO] (main:43) - 📊 Tatsächlicher PV-Ertrag der letzten Stunde: 0.000 kWh
2026-06-16 00:13:18 [INFO] (main:63) - Berechnete Werte für Loxone -> MODE: 0 | TARGET_POWER: 0.0 kW
2026-06-16 00:13:18 [INFO] (main:66) - 📤 Sende Werte an Loxone...
2026-06-16 00:13:48 [INFO] (root:56) - 📝 Logging-System initialisiert. Log-Datei: 'energy_optimizer.log' (max 5x5MB)
2026-06-16 00:13:48 [INFO] (main:21) - --- Energy Optimizer Live-Abfrage gestartet ---
2026-06-16 00:13:48 [INFO] (pv_tuner:116) - 💾 PV-Zustand erfolgreich atomar aktualisiert. Delta: 0.020 kWh
2026-06-16 00:13:48 [INFO] (main:43) - 📊 Tatsächlicher PV-Ertrag der letzten Stunde: 0.020 kWh
2026-06-16 00:13:49 [INFO] (main:63) - Berechnete Werte für Loxone -> MODE: 0 | TARGET_POWER: 0.0 kW
2026-06-16 00:13:49 [INFO] (main:66) - 📤 Sende Werte an Loxone...
2026-06-16 00:14:19 [INFO] (root:56) - 📝 Logging-System initialisiert. Log-Datei: 'energy_optimizer.log' (max 5x5MB)
2026-06-16 00:14:19 [INFO] (main:21) - --- Energy Optimizer Live-Abfrage gestartet ---
2026-06-16 00:14:20 [INFO] (pv_tuner:116) - 💾 PV-Zustand erfolgreich atomar aktualisiert. Delta: 0.000 kWh
2026-06-16 00:14:20 [INFO] (main:43) - 📊 Tatsächlicher PV-Ertrag der letzten Stunde: 0.000 kWh
2026-06-16 00:14:20 [INFO] (main:63) - Berechnete Werte für Loxone -> MODE: 0 | TARGET_POWER: 0.0 kW
2026-06-16 00:14:20 [INFO] (main:66) - 📤 Sende Werte an Loxone...
2026-06-16 00:14:50 [INFO] (root:56) - 📝 Logging-System initialisiert. Log-Datei: 'energy_optimizer.log' (max 5x5MB)
2026-06-16 00:14:50 [INFO] (main:21) - --- Energy Optimizer Live-Abfrage gestartet ---
2026-06-16 00:14:50 [INFO] (pv_tuner:116) - 💾 PV-Zustand erfolgreich atomar aktualisiert. Delta: 0.020 kWh
2026-06-16 00:14:50 [INFO] (main:43) - 📊 Tatsächlicher PV-Ertrag der letzten Stunde: 0.020 kWh
2026-06-16 00:14:51 [INFO] (main:63) - Berechnete Werte für Loxone -> MODE: 0 | TARGET_POWER: 0.0 kW
2026-06-16 00:14:51 [INFO] (main:66) - 📤 Sende Werte an Loxone...
2026-06-16 00:15:21 [INFO] (root:56) - 📝 Logging-System initialisiert. Log-Datei: 'energy_optimizer.log' (max 5x5MB)
2026-06-16 00:15:21 [INFO] (main:21) - --- Energy Optimizer Live-Abfrage gestartet ---
2026-06-16 00:15:22 [INFO] (pv_tuner:116) - 💾 PV-Zustand erfolgreich atomar aktualisiert. Delta: 0.000 kWh
2026-06-16 00:15:22 [INFO] (main:43) - 📊 Tatsächlicher PV-Ertrag der letzten Stunde: 0.000 kWh
2026-06-16 00:15:22 [INFO] (main:63) - Berechnete Werte für Loxone -> MODE: 0 | TARGET_POWER: 0.0 kW
2026-06-16 00:15:22 [INFO] (main:66) - 📤 Sende Werte an Loxone...
2026-06-16 00:15:52 [INFO] (root:56) - 📝 Logging-System initialisiert. Log-Datei: 'energy_optimizer.log' (max 5x5MB)
2026-06-16 00:15:52 [INFO] (main:21) - --- Energy Optimizer Live-Abfrage gestartet ---
2026-06-16 00:15:53 [INFO] (pv_tuner:116) - 💾 PV-Zustand erfolgreich atomar aktualisiert. Delta: 0.000 kWh
2026-06-16 00:15:53 [INFO] (main:43) - 📊 Tatsächlicher PV-Ertrag der letzten Stunde: 0.000 kWh
2026-06-16 00:15:53 [INFO] (main:63) - Berechnete Werte für Loxone -> MODE: 0 | TARGET_POWER: 0.0 kW
2026-06-16 00:15:53 [INFO] (main:66) - 📤 Sende Werte an Loxone...
2026-06-16 00:16:23 [INFO] (root:56) - 📝 Logging-System initialisiert. Log-Datei: 'energy_optimizer.log' (max 5x5MB)
2026-06-16 00:16:23 [INFO] (main:21) - --- Energy Optimizer Live-Abfrage gestartet ---
2026-06-16 00:16:24 [INFO] (pv_tuner:116) - 💾 PV-Zustand erfolgreich atomar aktualisiert. Delta: 0.010 kWh
2026-06-16 00:16:24 [INFO] (main:43) - 📊 Tatsächlicher PV-Ertrag der letzten Stunde: 0.010 kWh
2026-06-16 00:16:24 [INFO] (main:63) - Berechnete Werte für Loxone -> MODE: 0 | TARGET_POWER: 0.0 kW
2026-06-16 00:16:24 [INFO] (main:66) - 📤 Sende Werte an Loxone...
2026-06-16 00:16:54 [INFO] (root:56) - 📝 Logging-System initialisiert. Log-Datei: 'energy_optimizer.log' (max 5x5MB)
2026-06-16 00:16:54 [INFO] (main:21) - --- Energy Optimizer Live-Abfrage gestartet ---
2026-06-16 00:16:55 [INFO] (pv_tuner:116) - 💾 PV-Zustand erfolgreich atomar aktualisiert. Delta: 0.000 kWh
2026-06-16 00:16:55 [INFO] (main:43) - 📊 Tatsächlicher PV-Ertrag der letzten Stunde: 0.000 kWh
2026-06-16 00:16:55 [INFO] (main:63) - Berechnete Werte für Loxone -> MODE: 0 | TARGET_POWER: 0.0 kW
2026-06-16 00:16:55 [INFO] (main:66) - 📤 Sende Werte an Loxone...
2026-06-16 00:17:25 [INFO] (root:56) - 📝 Logging-System initialisiert. Log-Datei: 'energy_optimizer.log' (max 5x5MB)
2026-06-16 00:17:25 [INFO] (main:21) - --- Energy Optimizer Live-Abfrage gestartet ---
2026-06-16 00:17:26 [INFO] (pv_tuner:116) - 💾 PV-Zustand erfolgreich atomar aktualisiert. Delta: 0.020 kWh
2026-06-16 00:17:26 [INFO] (main:43) - 📊 Tatsächlicher PV-Ertrag der letzten Stunde: 0.020 kWh
2026-06-16 00:17:26 [INFO] (main:63) - Berechnete Werte für Loxone -> MODE: 0 | TARGET_POWER: 0.0 kW
2026-06-16 00:17:26 [INFO] (main:66) - 📤 Sende Werte an Loxone...
2026-06-16 00:17:57 [INFO] (root:56) - 📝 Logging-System initialisiert. Log-Datei: 'energy_optimizer.log' (max 5x5MB)
2026-06-16 00:17:57 [INFO] (main:21) - --- Energy Optimizer Live-Abfrage gestartet ---
2026-06-16 00:17:57 [INFO] (pv_tuner:116) - 💾 PV-Zustand erfolgreich atomar aktualisiert. Delta: 0.000 kWh
2026-06-16 00:17:57 [INFO] (main:43) - 📊 Tatsächlicher PV-Ertrag der letzten Stunde: 0.000 kWh
2026-06-16 00:17:57 [INFO] (main:63) - Berechnete Werte für Loxone -> MODE: 0 | TARGET_POWER: 0.0 kW
2026-06-16 00:17:57 [INFO] (main:66) - 📤 Sende Werte an Loxone...
2026-06-16 00:18:28 [INFO] (root:56) - 📝 Logging-System initialisiert. Log-Datei: 'energy_optimizer.log' (max 5x5MB)
2026-06-16 00:18:28 [INFO] (main:21) - --- Energy Optimizer Live-Abfrage gestartet ---
2026-06-16 00:18:28 [INFO] (pv_tuner:116) - 💾 PV-Zustand erfolgreich atomar aktualisiert. Delta: 0.020 kWh
2026-06-16 00:18:28 [INFO] (main:43) - 📊 Tatsächlicher PV-Ertrag der letzten Stunde: 0.020 kWh
2026-06-16 00:18:29 [INFO] (main:63) - Berechnete Werte für Loxone -> MODE: 0 | TARGET_POWER: 0.0 kW
2026-06-16 00:18:29 [INFO] (main:66) - 📤 Sende Werte an Loxone...
2026-06-16 00:18:59 [INFO] (root:56) - 📝 Logging-System initialisiert. Log-Datei: 'energy_optimizer.log' (max 5x5MB)
2026-06-16 00:18:59 [INFO] (main:21) - --- Energy Optimizer Live-Abfrage gestartet ---
2026-06-16 00:18:59 [INFO] (pv_tuner:116) - 💾 PV-Zustand erfolgreich atomar aktualisiert. Delta: 0.000 kWh
2026-06-16 00:18:59 [INFO] (main:43) - 📊 Tatsächlicher PV-Ertrag der letzten Stunde: 0.000 kWh
2026-06-16 00:19:00 [INFO] (main:63) - Berechnete Werte für Loxone -> MODE: 0 | TARGET_POWER: 0.0 kW
2026-06-16 00:19:00 [INFO] (main:66) - 📤 Sende Werte an Loxone...
2026-06-16 00:19:30 [INFO] (root:56) - 📝 Logging-System initialisiert. Log-Datei: 'energy_optimizer.log' (max 5x5MB)
2026-06-16 00:19:30 [INFO] (main:21) - --- Energy Optimizer Live-Abfrage gestartet ---
2026-06-16 00:19:30 [INFO] (pv_tuner:116) - 💾 PV-Zustand erfolgreich atomar aktualisiert. Delta: 0.010 kWh
2026-06-16 00:19:30 [INFO] (main:43) - 📊 Tatsächlicher PV-Ertrag der letzten Stunde: 0.010 kWh
2026-06-16 00:19:31 [INFO] (main:63) - Berechnete Werte für Loxone -> MODE: 0 | TARGET_POWER: 0.0 kW
2026-06-16 00:19:31 [INFO] (main:66) - 📤 Sende Werte an Loxone...
2026-06-16 00:20:01 [INFO] (root:56) - 📝 Logging-System initialisiert. Log-Datei: 'energy_optimizer.log' (max 5x5MB)
2026-06-16 00:20:01 [INFO] (main:21) - --- Energy Optimizer Live-Abfrage gestartet ---
2026-06-16 00:20:01 [INFO] (pv_tuner:116) - 💾 PV-Zustand erfolgreich atomar aktualisiert. Delta: 0.000 kWh
2026-06-16 00:20:01 [INFO] (main:43) - 📊 Tatsächlicher PV-Ertrag der letzten Stunde: 0.000 kWh
2026-06-16 00:20:02 [INFO] (main:63) - Berechnete Werte für Loxone -> MODE: 0 | TARGET_POWER: 0.0 kW
2026-06-16 00:20:02 [INFO] (main:66) - 📤 Sende Werte an Loxone...
2026-06-16 00:20:32 [INFO] (root:56) - 📝 Logging-System initialisiert. Log-Datei: 'energy_optimizer.log' (max 5x5MB)
2026-06-16 00:20:32 [INFO] (main:21) - --- Energy Optimizer Live-Abfrage gestartet ---
2026-06-16 00:20:33 [INFO] (pv_tuner:116) - 💾 PV-Zustand erfolgreich atomar aktualisiert. Delta: 0.000 kWh
2026-06-16 00:20:33 [INFO] (main:43) - 📊 Tatsächlicher PV-Ertrag der letzten Stunde: 0.000 kWh
2026-06-16 00:20:33 [INFO] (main:63) - Berechnete Werte für Loxone -> MODE: 0 | TARGET_POWER: 0.0 kW
2026-06-16 00:20:33 [INFO] (main:66) - 📤 Sende Werte an Loxone...
2026-06-16 00:21:03 [INFO] (root:56) - 📝 Logging-System initialisiert. Log-Datei: 'energy_optimizer.log' (max 5x5MB)
2026-06-16 00:21:03 [INFO] (main:21) - --- Energy Optimizer Live-Abfrage gestartet ---
2026-06-16 00:21:04 [INFO] (pv_tuner:116) - 💾 PV-Zustand erfolgreich atomar aktualisiert. Delta: 0.020 kWh
2026-06-16 00:21:04 [INFO] (main:43) - 📊 Tatsächlicher PV-Ertrag der letzten Stunde: 0.020 kWh
2026-06-16 00:21:05 [INFO] (main:63) - Berechnete Werte für Loxone -> MODE: 0 | TARGET_POWER: 0.0 kW
2026-06-16 00:21:05 [INFO] (main:66) - 📤 Sende Werte an Loxone...
2026-06-16 00:21:35 [INFO] (root:56) - 📝 Logging-System initialisiert. Log-Datei: 'energy_optimizer.log' (max 5x5MB)
2026-06-16 00:21:35 [INFO] (main:21) - --- Energy Optimizer Live-Abfrage gestartet ---
2026-06-16 00:21:35 [INFO] (pv_tuner:116) - 💾 PV-Zustand erfolgreich atomar aktualisiert. Delta: 0.000 kWh
2026-06-16 00:21:35 [INFO] (main:43) - 📊 Tatsächlicher PV-Ertrag der letzten Stunde: 0.000 kWh
2026-06-16 00:21:36 [INFO] (main:63) - Berechnete Werte für Loxone -> MODE: 0 | TARGET_POWER: 0.0 kW
2026-06-16 00:21:36 [INFO] (main:66) - 📤 Sende Werte an Loxone...
2026-06-16 00:22:06 [INFO] (root:56) - 📝 Logging-System initialisiert. Log-Datei: 'energy_optimizer.log' (max 5x5MB)
2026-06-16 00:22:06 [INFO] (main:21) - --- Energy Optimizer Live-Abfrage gestartet ---
2026-06-16 00:22:07 [INFO] (pv_tuner:116) - 💾 PV-Zustand erfolgreich atomar aktualisiert. Delta: 0.020 kWh
2026-06-16 00:22:07 [INFO] (main:43) - 📊 Tatsächlicher PV-Ertrag der letzten Stunde: 0.020 kWh
2026-06-16 00:22:08 [INFO] (main:63) - Berechnete Werte für Loxone -> MODE: 0 | TARGET_POWER: 0.0 kW
2026-06-16 00:22:08 [INFO] (main:66) - 📤 Sende Werte an Loxone...
2026-06-16 00:22:38 [INFO] (root:56) - 📝 Logging-System initialisiert. Log-Datei: 'energy_optimizer.log' (max 5x5MB)
2026-06-16 00:22:38 [INFO] (main:21) - --- Energy Optimizer Live-Abfrage gestartet ---
2026-06-16 00:22:38 [INFO] (pv_tuner:116) - 💾 PV-Zustand erfolgreich atomar aktualisiert. Delta: 0.000 kWh
2026-06-16 00:22:38 [INFO] (main:43) - 📊 Tatsächlicher PV-Ertrag der letzten Stunde: 0.000 kWh
2026-06-16 00:22:40 [INFO] (main:63) - Berechnete Werte für Loxone -> MODE: 0 | TARGET_POWER: 0.0 kW
2026-06-16 00:22:40 [INFO] (main:66) - 📤 Sende Werte an Loxone...
2026-06-16 00:23:10 [INFO] (root:56) - 📝 Logging-System initialisiert. Log-Datei: 'energy_optimizer.log' (max 5x5MB)
2026-06-16 00:23:10 [INFO] (main:21) - --- Energy Optimizer Live-Abfrage gestartet ---
2026-06-16 00:23:10 [INFO] (pv_tuner:116) - 💾 PV-Zustand erfolgreich atomar aktualisiert. Delta: 0.020 kWh
2026-06-16 00:23:10 [INFO] (main:43) - 📊 Tatsächlicher PV-Ertrag der letzten Stunde: 0.020 kWh
2026-06-16 00:23:11 [INFO] (main:63) - Berechnete Werte für Loxone -> MODE: 0 | TARGET_POWER: 0.0 kW
2026-06-16 00:23:11 [INFO] (main:66) - 📤 Sende Werte an Loxone...
2026-06-16 00:23:41 [INFO] (root:56) - 📝 Logging-System initialisiert. Log-Datei: 'energy_optimizer.log' (max 5x5MB)
2026-06-16 00:23:41 [INFO] (main:21) - --- Energy Optimizer Live-Abfrage gestartet ---
2026-06-16 00:23:41 [INFO] (pv_tuner:116) - 💾 PV-Zustand erfolgreich atomar aktualisiert. Delta: 0.000 kWh
2026-06-16 00:23:41 [INFO] (main:43) - 📊 Tatsächlicher PV-Ertrag der letzten Stunde: 0.000 kWh
2026-06-16 00:23:42 [INFO] (main:63) - Berechnete Werte für Loxone -> MODE: 0 | TARGET_POWER: 0.0 kW
2026-06-16 00:23:42 [INFO] (main:66) - 📤 Sende Werte an Loxone...
2026-06-16 00:24:12 [INFO] (root:56) - 📝 Logging-System initialisiert. Log-Datei: 'energy_optimizer.log' (max 5x5MB)
2026-06-16 00:24:12 [INFO] (main:21) - --- Energy Optimizer Live-Abfrage gestartet ---
2026-06-16 00:24:12 [INFO] (pv_tuner:116) - 💾 PV-Zustand erfolgreich atomar aktualisiert. Delta: 0.020 kWh
2026-06-16 00:24:12 [INFO] (main:43) - 📊 Tatsächlicher PV-Ertrag der letzten Stunde: 0.020 kWh
2026-06-16 00:24:13 [INFO] (main:63) - Berechnete Werte für Loxone -> MODE: 0 | TARGET_POWER: 0.0 kW
2026-06-16 00:24:13 [INFO] (main:66) - 📤 Sende Werte an Loxone...
2026-06-16 00:24:43 [INFO] (root:56) - 📝 Logging-System initialisiert. Log-Datei: 'energy_optimizer.log' (max 5x5MB)
2026-06-16 00:24:43 [INFO] (main:21) - --- Energy Optimizer Live-Abfrage gestartet ---
2026-06-16 00:24:43 [INFO] (pv_tuner:116) - 💾 PV-Zustand erfolgreich atomar aktualisiert. Delta: 0.000 kWh
2026-06-16 00:24:43 [INFO] (main:43) - 📊 Tatsächlicher PV-Ertrag der letzten Stunde: 0.000 kWh
2026-06-16 00:24:44 [INFO] (main:63) - Berechnete Werte für Loxone -> MODE: 0 | TARGET_POWER: 0.0 kW
2026-06-16 00:24:44 [INFO] (main:66) - 📤 Sende Werte an Loxone...
2026-06-16 00:25:14 [INFO] (root:56) - 📝 Logging-System initialisiert. Log-Datei: 'energy_optimizer.log' (max 5x5MB)
2026-06-16 00:25:14 [INFO] (main:21) - --- Energy Optimizer Live-Abfrage gestartet ---
2026-06-16 00:25:14 [INFO] (pv_tuner:116) - 💾 PV-Zustand erfolgreich atomar aktualisiert. Delta: 0.010 kWh
2026-06-16 00:25:14 [INFO] (main:43) - 📊 Tatsächlicher PV-Ertrag der letzten Stunde: 0.010 kWh
2026-06-16 00:25:15 [INFO] (main:63) - Berechnete Werte für Loxone -> MODE: 0 | TARGET_POWER: 0.0 kW
2026-06-16 00:25:15 [INFO] (main:66) - 📤 Sende Werte an Loxone...
2026-06-16 00:25:45 [INFO] (root:56) - 📝 Logging-System initialisiert. Log-Datei: 'energy_optimizer.log' (max 5x5MB)
2026-06-16 00:25:45 [INFO] (main:21) - --- Energy Optimizer Live-Abfrage gestartet ---
2026-06-16 00:25:45 [INFO] (pv_tuner:116) - 💾 PV-Zustand erfolgreich atomar aktualisiert. Delta: 0.000 kWh
2026-06-16 00:25:45 [INFO] (main:43) - 📊 Tatsächlicher PV-Ertrag der letzten Stunde: 0.000 kWh
2026-06-16 00:25:46 [INFO] (main:63) - Berechnete Werte für Loxone -> MODE: 0 | TARGET_POWER: 0.0 kW
2026-06-16 00:25:46 [INFO] (main:66) - 📤 Sende Werte an Loxone...
2026-06-16 00:26:16 [INFO] (root:56) - 📝 Logging-System initialisiert. Log-Datei: 'energy_optimizer.log' (max 5x5MB)
2026-06-16 00:26:16 [INFO] (main:21) - --- Energy Optimizer Live-Abfrage gestartet ---
2026-06-16 00:26:16 [INFO] (pv_tuner:116) - 💾 PV-Zustand erfolgreich atomar aktualisiert. Delta: 0.000 kWh
2026-06-16 00:26:16 [INFO] (main:43) - 📊 Tatsächlicher PV-Ertrag der letzten Stunde: 0.000 kWh
2026-06-16 00:26:17 [INFO] (main:63) - Berechnete Werte für Loxone -> MODE: 0 | TARGET_POWER: 0.0 kW
2026-06-16 00:26:17 [INFO] (main:66) - 📤 Sende Werte an Loxone...
2026-06-16 00:26:47 [INFO] (root:56) - 📝 Logging-System initialisiert. Log-Datei: 'energy_optimizer.log' (max 5x5MB)
2026-06-16 00:26:47 [INFO] (main:21) - --- Energy Optimizer Live-Abfrage gestartet ---
2026-06-16 00:26:47 [INFO] (pv_tuner:116) - 💾 PV-Zustand erfolgreich atomar aktualisiert. Delta: 0.020 kWh
2026-06-16 00:26:47 [INFO] (main:43) - 📊 Tatsächlicher PV-Ertrag der letzten Stunde: 0.020 kWh
2026-06-16 00:26:48 [INFO] (main:63) - Berechnete Werte für Loxone -> MODE: 0 | TARGET_POWER: 0.0 kW
2026-06-16 00:26:48 [INFO] (main:66) - 📤 Sende Werte an Loxone...
2026-06-16 00:27:18 [INFO] (root:56) - 📝 Logging-System initialisiert. Log-Datei: 'energy_optimizer.log' (max 5x5MB)
2026-06-16 00:27:18 [INFO] (main:21) - --- Energy Optimizer Live-Abfrage gestartet ---
2026-06-16 00:27:19 [INFO] (pv_tuner:116) - 💾 PV-Zustand erfolgreich atomar aktualisiert. Delta: 0.000 kWh
2026-06-16 00:27:19 [INFO] (main:43) - 📊 Tatsächlicher PV-Ertrag der letzten Stunde: 0.000 kWh
2026-06-16 00:27:19 [INFO] (main:63) - Berechnete Werte für Loxone -> MODE: 0 | TARGET_POWER: 0.0 kW
2026-06-16 00:27:19 [INFO] (main:66) - 📤 Sende Werte an Loxone...
2026-06-16 00:27:49 [INFO] (root:56) - 📝 Logging-System initialisiert. Log-Datei: 'energy_optimizer.log' (max 5x5MB)
2026-06-16 00:27:49 [INFO] (main:21) - --- Energy Optimizer Live-Abfrage gestartet ---
2026-06-16 00:27:50 [INFO] (pv_tuner:116) - 💾 PV-Zustand erfolgreich atomar aktualisiert. Delta: 0.020 kWh
2026-06-16 00:27:50 [INFO] (main:43) - 📊 Tatsächlicher PV-Ertrag der letzten Stunde: 0.020 kWh
2026-06-16 00:27:50 [INFO] (main:63) - Berechnete Werte für Loxone -> MODE: 0 | TARGET_POWER: 0.0 kW
2026-06-16 00:27:50 [INFO] (main:66) - 📤 Sende Werte an Loxone...
2026-06-16 00:28:20 [INFO] (root:56) - 📝 Logging-System initialisiert. Log-Datei: 'energy_optimizer.log' (max 5x5MB)
2026-06-16 00:28:20 [INFO] (main:21) - --- Energy Optimizer Live-Abfrage gestartet ---
2026-06-16 00:28:21 [INFO] (pv_tuner:116) - 💾 PV-Zustand erfolgreich atomar aktualisiert. Delta: 0.000 kWh
2026-06-16 00:28:21 [INFO] (main:43) - 📊 Tatsächlicher PV-Ertrag der letzten Stunde: 0.000 kWh
2026-06-16 00:28:21 [INFO] (main:63) - Berechnete Werte für Loxone -> MODE: 0 | TARGET_POWER: 0.0 kW
2026-06-16 00:28:21 [INFO] (main:66) - 📤 Sende Werte an Loxone...
2026-06-16 00:28:51 [INFO] (root:56) - 📝 Logging-System initialisiert. Log-Datei: 'energy_optimizer.log' (max 5x5MB)
2026-06-16 00:28:51 [INFO] (main:21) - --- Energy Optimizer Live-Abfrage gestartet ---
2026-06-16 00:28:52 [INFO] (pv_tuner:116) - 💾 PV-Zustand erfolgreich atomar aktualisiert. Delta: 0.010 kWh
2026-06-16 00:28:52 [INFO] (main:43) - 📊 Tatsächlicher PV-Ertrag der letzten Stunde: 0.010 kWh
2026-06-16 00:28:52 [INFO] (main:63) - Berechnete Werte für Loxone -> MODE: 0 | TARGET_POWER: 0.0 kW
2026-06-16 00:28:52 [INFO] (main:66) - 📤 Sende Werte an Loxone...
2026-06-16 00:29:22 [INFO] (root:56) - 📝 Logging-System initialisiert. Log-Datei: 'energy_optimizer.log' (max 5x5MB)
2026-06-16 00:29:22 [INFO] (main:21) - --- Energy Optimizer Live-Abfrage gestartet ---
2026-06-16 00:29:23 [INFO] (pv_tuner:116) - 💾 PV-Zustand erfolgreich atomar aktualisiert. Delta: 0.000 kWh
2026-06-16 00:29:23 [INFO] (main:43) - 📊 Tatsächlicher PV-Ertrag der letzten Stunde: 0.000 kWh
2026-06-16 00:29:23 [INFO] (main:63) - Berechnete Werte für Loxone -> MODE: 0 | TARGET_POWER: 0.0 kW
2026-06-16 00:29:23 [INFO] (main:66) - 📤 Sende Werte an Loxone...
2026-06-16 00:29:53 [INFO] (root:56) - 📝 Logging-System initialisiert. Log-Datei: 'energy_optimizer.log' (max 5x5MB)
2026-06-16 00:29:53 [INFO] (main:21) - --- Energy Optimizer Live-Abfrage gestartet ---
2026-06-16 00:29:54 [INFO] (pv_tuner:116) - 💾 PV-Zustand erfolgreich atomar aktualisiert. Delta: 0.020 kWh
2026-06-16 00:29:54 [INFO] (main:43) - 📊 Tatsächlicher PV-Ertrag der letzten Stunde: 0.020 kWh
2026-06-16 00:29:54 [INFO] (main:63) - Berechnete Werte für Loxone -> MODE: 0 | TARGET_POWER: 0.0 kW
2026-06-16 00:29:54 [INFO] (main:66) - 📤 Sende Werte an Loxone...
2026-06-16 00:30:24 [INFO] (root:56) - 📝 Logging-System initialisiert. Log-Datei: 'energy_optimizer.log' (max 5x5MB)
2026-06-16 00:30:24 [INFO] (main:21) - --- Energy Optimizer Live-Abfrage gestartet ---
2026-06-16 00:30:25 [INFO] (pv_tuner:116) - 💾 PV-Zustand erfolgreich atomar aktualisiert. Delta: 0.000 kWh
2026-06-16 00:30:25 [INFO] (main:43) - 📊 Tatsächlicher PV-Ertrag der letzten Stunde: 0.000 kWh
2026-06-16 00:30:25 [INFO] (main:63) - Berechnete Werte für Loxone -> MODE: 0 | TARGET_POWER: 0.0 kW
2026-06-16 00:30:25 [INFO] (main:66) - 📤 Sende Werte an Loxone...
2026-06-16 00:30:56 [INFO] (root:56) - 📝 Logging-System initialisiert. Log-Datei: 'energy_optimizer.log' (max 5x5MB)
2026-06-16 00:30:56 [INFO] (main:21) - --- Energy Optimizer Live-Abfrage gestartet ---
2026-06-16 00:30:56 [INFO] (pv_tuner:116) - 💾 PV-Zustand erfolgreich atomar aktualisiert. Delta: 0.000 kWh
2026-06-16 00:30:56 [INFO] (main:43) - 📊 Tatsächlicher PV-Ertrag der letzten Stunde: 0.000 kWh
2026-06-16 00:30:57 [INFO] (main:63) - Berechnete Werte für Loxone -> MODE: 0 | TARGET_POWER: 0.0 kW
2026-06-16 00:30:57 [INFO] (main:66) - 📤 Sende Werte an Loxone...
2026-06-16 00:31:27 [INFO] (root:56) - 📝 Logging-System initialisiert. Log-Datei: 'energy_optimizer.log' (max 5x5MB)
2026-06-16 00:31:27 [INFO] (main:21) - --- Energy Optimizer Live-Abfrage gestartet ---
2026-06-16 00:31:27 [INFO] (pv_tuner:116) - 💾 PV-Zustand erfolgreich atomar aktualisiert. Delta: 0.020 kWh
2026-06-16 00:31:27 [INFO] (main:43) - 📊 Tatsächlicher PV-Ertrag der letzten Stunde: 0.020 kWh
2026-06-16 00:31:28 [INFO] (main:63) - Berechnete Werte für Loxone -> MODE: 0 | TARGET_POWER: 0.0 kW
2026-06-16 00:31:28 [INFO] (main:66) - 📤 Sende Werte an Loxone...
2026-06-16 00:31:58 [INFO] (root:56) - 📝 Logging-System initialisiert. Log-Datei: 'energy_optimizer.log' (max 5x5MB)
2026-06-16 00:31:58 [INFO] (main:21) - --- Energy Optimizer Live-Abfrage gestartet ---
2026-06-16 00:31:58 [INFO] (pv_tuner:116) - 💾 PV-Zustand erfolgreich atomar aktualisiert. Delta: 0.000 kWh
2026-06-16 00:31:58 [INFO] (main:43) - 📊 Tatsächlicher PV-Ertrag der letzten Stunde: 0.000 kWh
2026-06-16 00:31:59 [INFO] (main:63) - Berechnete Werte für Loxone -> MODE: 0 | TARGET_POWER: 0.0 kW
2026-06-16 00:31:59 [INFO] (main:66) - 📤 Sende Werte an Loxone...
2026-06-16 00:32:29 [INFO] (root:56) - 📝 Logging-System initialisiert. Log-Datei: 'energy_optimizer.log' (max 5x5MB)
2026-06-16 00:32:29 [INFO] (main:21) - --- Energy Optimizer Live-Abfrage gestartet ---
2026-06-16 00:32:29 [INFO] (pv_tuner:116) - 💾 PV-Zustand erfolgreich atomar aktualisiert. Delta: 0.020 kWh
2026-06-16 00:32:29 [INFO] (main:43) - 📊 Tatsächlicher PV-Ertrag der letzten Stunde: 0.020 kWh
2026-06-16 00:32:30 [INFO] (main:63) - Berechnete Werte für Loxone -> MODE: 0 | TARGET_POWER: 0.0 kW
2026-06-16 00:32:30 [INFO] (main:66) - 📤 Sende Werte an Loxone...
2026-06-16 00:33:00 [INFO] (root:56) - 📝 Logging-System initialisiert. Log-Datei: 'energy_optimizer.log' (max 5x5MB)
2026-06-16 00:33:00 [INFO] (main:21) - --- Energy Optimizer Live-Abfrage gestartet ---
2026-06-16 00:33:00 [INFO] (pv_tuner:116) - 💾 PV-Zustand erfolgreich atomar aktualisiert. Delta: 0.000 kWh
2026-06-16 00:33:00 [INFO] (main:43) - 📊 Tatsächlicher PV-Ertrag der letzten Stunde: 0.000 kWh
2026-06-16 00:33:01 [INFO] (main:63) - Berechnete Werte für Loxone -> MODE: 0 | TARGET_POWER: 0.0 kW
2026-06-16 00:33:01 [INFO] (main:66) - 📤 Sende Werte an Loxone...
2026-06-16 00:33:31 [INFO] (root:56) - 📝 Logging-System initialisiert. Log-Datei: 'energy_optimizer.log' (max 5x5MB)
2026-06-16 00:33:31 [INFO] (main:21) - --- Energy Optimizer Live-Abfrage gestartet ---
2026-06-16 00:33:32 [INFO] (pv_tuner:116) - 💾 PV-Zustand erfolgreich atomar aktualisiert. Delta: 0.020 kWh
2026-06-16 00:33:32 [INFO] (main:43) - 📊 Tatsächlicher PV-Ertrag der letzten Stunde: 0.020 kWh
2026-06-16 00:33:32 [INFO] (main:63) - Berechnete Werte für Loxone -> MODE: 0 | TARGET_POWER: 0.0 kW
2026-06-16 00:33:32 [INFO] (main:66) - 📤 Sende Werte an Loxone...
2026-06-16 00:34:02 [INFO] (root:56) - 📝 Logging-System initialisiert. Log-Datei: 'energy_optimizer.log' (max 5x5MB)
2026-06-16 00:34:02 [INFO] (main:21) - --- Energy Optimizer Live-Abfrage gestartet ---
2026-06-16 00:34:03 [INFO] (pv_tuner:116) - 💾 PV-Zustand erfolgreich atomar aktualisiert. Delta: 0.000 kWh
2026-06-16 00:34:03 [INFO] (main:43) - 📊 Tatsächlicher PV-Ertrag der letzten Stunde: 0.000 kWh
2026-06-16 00:34:03 [INFO] (main:63) - Berechnete Werte für Loxone -> MODE: 0 | TARGET_POWER: 0.0 kW
2026-06-16 00:34:03 [INFO] (main:66) - 📤 Sende Werte an Loxone...
2026-06-16 00:34:33 [INFO] (root:56) - 📝 Logging-System initialisiert. Log-Datei: 'energy_optimizer.log' (max 5x5MB)
2026-06-16 00:34:33 [INFO] (main:21) - --- Energy Optimizer Live-Abfrage gestartet ---
2026-06-16 00:34:34 [INFO] (pv_tuner:116) - 💾 PV-Zustand erfolgreich atomar aktualisiert. Delta: 0.000 kWh
2026-06-16 00:34:34 [INFO] (main:43) - 📊 Tatsächlicher PV-Ertrag der letzten Stunde: 0.000 kWh
2026-06-16 00:34:34 [INFO] (main:63) - Berechnete Werte für Loxone -> MODE: 0 | TARGET_POWER: 0.0 kW
2026-06-16 00:34:34 [INFO] (main:66) - 📤 Sende Werte an Loxone...
2026-06-16 00:35:05 [INFO] (root:56) - 📝 Logging-System initialisiert. Log-Datei: 'energy_optimizer.log' (max 5x5MB)
2026-06-16 00:35:05 [INFO] (main:21) - --- Energy Optimizer Live-Abfrage gestartet ---
2026-06-16 00:35:05 [INFO] (pv_tuner:116) - 💾 PV-Zustand erfolgreich atomar aktualisiert. Delta: 0.000 kWh
2026-06-16 00:35:05 [INFO] (main:43) - 📊 Tatsächlicher PV-Ertrag der letzten Stunde: 0.000 kWh
2026-06-16 00:35:06 [INFO] (main:63) - Berechnete Werte für Loxone -> MODE: 0 | TARGET_POWER: 0.0 kW
2026-06-16 00:35:06 [INFO] (main:66) - 📤 Sende Werte an Loxone...
2026-06-16 00:35:36 [INFO] (root:56) - 📝 Logging-System initialisiert. Log-Datei: 'energy_optimizer.log' (max 5x5MB)
2026-06-16 00:35:36 [INFO] (main:21) - --- Energy Optimizer Live-Abfrage gestartet ---
2026-06-16 00:35:36 [INFO] (pv_tuner:116) - 💾 PV-Zustand erfolgreich atomar aktualisiert. Delta: 0.000 kWh
2026-06-16 00:35:36 [INFO] (main:43) - 📊 Tatsächlicher PV-Ertrag der letzten Stunde: 0.000 kWh
2026-06-16 00:35:37 [INFO] (main:63) - Berechnete Werte für Loxone -> MODE: 0 | TARGET_POWER: 0.0 kW
2026-06-16 00:35:37 [INFO] (main:66) - 📤 Sende Werte an Loxone...
2026-06-16 00:36:07 [INFO] (root:56) - 📝 Logging-System initialisiert. Log-Datei: 'energy_optimizer.log' (max 5x5MB)
2026-06-16 00:36:07 [INFO] (main:21) - --- Energy Optimizer Live-Abfrage gestartet ---
2026-06-16 00:36:07 [INFO] (pv_tuner:116) - 💾 PV-Zustand erfolgreich atomar aktualisiert. Delta: 0.000 kWh
2026-06-16 00:36:07 [INFO] (main:43) - 📊 Tatsächlicher PV-Ertrag der letzten Stunde: 0.000 kWh
2026-06-16 00:36:08 [INFO] (main:63) - Berechnete Werte für Loxone -> MODE: 0 | TARGET_POWER: 0.0 kW
2026-06-16 00:36:08 [INFO] (main:66) - 📤 Sende Werte an Loxone...
2026-06-16 00:36:38 [INFO] (root:56) - 📝 Logging-System initialisiert. Log-Datei: 'energy_optimizer.log' (max 5x5MB)
2026-06-16 00:36:38 [INFO] (main:21) - --- Energy Optimizer Live-Abfrage gestartet ---
2026-06-16 00:36:38 [INFO] (pv_tuner:116) - 💾 PV-Zustand erfolgreich atomar aktualisiert. Delta: 0.000 kWh
2026-06-16 00:36:38 [INFO] (main:43) - 📊 Tatsächlicher PV-Ertrag der letzten Stunde: 0.000 kWh
2026-06-16 00:36:39 [INFO] (main:63) - Berechnete Werte für Loxone -> MODE: 0 | TARGET_POWER: 0.0 kW
2026-06-16 00:36:39 [INFO] (main:66) - 📤 Sende Werte an Loxone...
2026-06-16 00:37:09 [INFO] (root:56) - 📝 Logging-System initialisiert. Log-Datei: 'energy_optimizer.log' (max 5x5MB)
2026-06-16 00:37:09 [INFO] (main:21) - --- Energy Optimizer Live-Abfrage gestartet ---
2026-06-16 00:37:09 [INFO] (pv_tuner:116) - 💾 PV-Zustand erfolgreich atomar aktualisiert. Delta: 0.000 kWh
2026-06-16 00:37:09 [INFO] (main:43) - 📊 Tatsächlicher PV-Ertrag der letzten Stunde: 0.000 kWh
2026-06-16 00:37:10 [INFO] (main:63) - Berechnete Werte für Loxone -> MODE: 0 | TARGET_POWER: 0.0 kW
2026-06-16 00:37:10 [INFO] (main:66) - 📤 Sende Werte an Loxone...
2026-06-16 00:37:40 [INFO] (root:56) - 📝 Logging-System initialisiert. Log-Datei: 'energy_optimizer.log' (max 5x5MB)
2026-06-16 00:37:40 [INFO] (main:21) - --- Energy Optimizer Live-Abfrage gestartet ---
2026-06-16 00:37:40 [INFO] (pv_tuner:116) - 💾 PV-Zustand erfolgreich atomar aktualisiert. Delta: 0.000 kWh
2026-06-16 00:37:40 [INFO] (main:43) - 📊 Tatsächlicher PV-Ertrag der letzten Stunde: 0.000 kWh
2026-06-16 00:37:41 [INFO] (main:63) - Berechnete Werte für Loxone -> MODE: 0 | TARGET_POWER: 0.0 kW
2026-06-16 00:37:41 [INFO] (main:66) - 📤 Sende Werte an Loxone...
2026-06-16 00:38:11 [INFO] (root:56) - 📝 Logging-System initialisiert. Log-Datei: 'energy_optimizer.log' (max 5x5MB)
2026-06-16 00:38:11 [INFO] (main:21) - --- Energy Optimizer Live-Abfrage gestartet ---
2026-06-16 00:38:11 [INFO] (pv_tuner:116) - 💾 PV-Zustand erfolgreich atomar aktualisiert. Delta: 0.000 kWh
2026-06-16 00:38:11 [INFO] (main:43) - 📊 Tatsächlicher PV-Ertrag der letzten Stunde: 0.000 kWh
2026-06-16 00:38:12 [INFO] (main:63) - Berechnete Werte für Loxone -> MODE: 0 | TARGET_POWER: 0.0 kW
2026-06-16 00:38:12 [INFO] (main:66) - 📤 Sende Werte an Loxone...
2026-06-16 00:38:42 [INFO] (root:56) - 📝 Logging-System initialisiert. Log-Datei: 'energy_optimizer.log' (max 5x5MB)
2026-06-16 00:38:42 [INFO] (main:21) - --- Energy Optimizer Live-Abfrage gestartet ---
2026-06-16 00:38:42 [INFO] (pv_tuner:116) - 💾 PV-Zustand erfolgreich atomar aktualisiert. Delta: 0.000 kWh
2026-06-16 00:38:42 [INFO] (main:43) - 📊 Tatsächlicher PV-Ertrag der letzten Stunde: 0.000 kWh
2026-06-16 00:38:42 [INFO] (main:63) - Berechnete Werte für Loxone -> MODE: 0 | TARGET_POWER: 0.0 kW
2026-06-16 00:38:42 [INFO] (main:66) - 📤 Sende Werte an Loxone...
2026-06-16 00:39:12 [INFO] (root:56) - 📝 Logging-System initialisiert. Log-Datei: 'energy_optimizer.log' (max 5x5MB)
2026-06-16 00:39:12 [INFO] (main:21) - --- Energy Optimizer Live-Abfrage gestartet ---
2026-06-16 00:39:13 [INFO] (pv_tuner:116) - 💾 PV-Zustand erfolgreich atomar aktualisiert. Delta: 0.000 kWh
2026-06-16 00:39:13 [INFO] (main:43) - 📊 Tatsächlicher PV-Ertrag der letzten Stunde: 0.000 kWh
2026-06-16 00:39:13 [INFO] (main:63) - Berechnete Werte für Loxone -> MODE: 0 | TARGET_POWER: 0.0 kW
2026-06-16 00:39:13 [INFO] (main:66) - 📤 Sende Werte an Loxone...
2026-06-16 00:39:43 [INFO] (root:56) - 📝 Logging-System initialisiert. Log-Datei: 'energy_optimizer.log' (max 5x5MB)
2026-06-16 00:39:43 [INFO] (main:21) - --- Energy Optimizer Live-Abfrage gestartet ---
2026-06-16 00:39:43 [INFO] (pv_tuner:116) - 💾 PV-Zustand erfolgreich atomar aktualisiert. Delta: 0.000 kWh
2026-06-16 00:39:43 [INFO] (main:43) - 📊 Tatsächlicher PV-Ertrag der letzten Stunde: 0.000 kWh
2026-06-16 00:39:44 [INFO] (main:63) - Berechnete Werte für Loxone -> MODE: 0 | TARGET_POWER: 0.0 kW
2026-06-16 00:39:44 [INFO] (main:66) - 📤 Sende Werte an Loxone...
2026-06-16 00:40:14 [INFO] (root:56) - 📝 Logging-System initialisiert. Log-Datei: 'energy_optimizer.log' (max 5x5MB)
2026-06-16 00:40:14 [INFO] (main:21) - --- Energy Optimizer Live-Abfrage gestartet ---
2026-06-16 00:40:14 [INFO] (pv_tuner:116) - 💾 PV-Zustand erfolgreich atomar aktualisiert. Delta: 0.000 kWh
2026-06-16 00:40:14 [INFO] (main:43) - 📊 Tatsächlicher PV-Ertrag der letzten Stunde: 0.000 kWh
2026-06-16 00:40:14 [INFO] (main:63) - Berechnete Werte für Loxone -> MODE: 0 | TARGET_POWER: 0.0 kW
2026-06-16 00:40:14 [INFO] (main:66) - 📤 Sende Werte an Loxone...
2026-06-16 00:40:44 [INFO] (root:56) - 📝 Logging-System initialisiert. Log-Datei: 'energy_optimizer.log' (max 5x5MB)
2026-06-16 00:40:44 [INFO] (main:21) - --- Energy Optimizer Live-Abfrage gestartet ---
2026-06-16 00:40:45 [INFO] (pv_tuner:116) - 💾 PV-Zustand erfolgreich atomar aktualisiert. Delta: 0.000 kWh
2026-06-16 00:40:45 [INFO] (main:43) - 📊 Tatsächlicher PV-Ertrag der letzten Stunde: 0.000 kWh
2026-06-16 00:40:45 [INFO] (main:63) - Berechnete Werte für Loxone -> MODE: 0 | TARGET_POWER: 0.0 kW
2026-06-16 00:40:45 [INFO] (main:66) - 📤 Sende Werte an Loxone...
2026-06-16 00:41:15 [INFO] (root:56) - 📝 Logging-System initialisiert. Log-Datei: 'energy_optimizer.log' (max 5x5MB)
2026-06-16 00:41:15 [INFO] (main:21) - --- Energy Optimizer Live-Abfrage gestartet ---
2026-06-16 00:41:15 [INFO] (pv_tuner:116) - 💾 PV-Zustand erfolgreich atomar aktualisiert. Delta: 0.000 kWh
2026-06-16 00:41:15 [INFO] (main:43) - 📊 Tatsächlicher PV-Ertrag der letzten Stunde: 0.000 kWh
2026-06-16 00:41:16 [INFO] (main:63) - Berechnete Werte für Loxone -> MODE: 0 | TARGET_POWER: 0.0 kW
2026-06-16 00:41:16 [INFO] (main:66) - 📤 Sende Werte an Loxone...
2026-06-16 00:41:46 [INFO] (root:56) - 📝 Logging-System initialisiert. Log-Datei: 'energy_optimizer.log' (max 5x5MB)
2026-06-16 00:41:46 [INFO] (main:21) - --- Energy Optimizer Live-Abfrage gestartet ---
2026-06-16 00:41:46 [INFO] (pv_tuner:116) - 💾 PV-Zustand erfolgreich atomar aktualisiert. Delta: 0.000 kWh
2026-06-16 00:41:46 [INFO] (main:43) - 📊 Tatsächlicher PV-Ertrag der letzten Stunde: 0.000 kWh
2026-06-16 00:41:47 [INFO] (main:63) - Berechnete Werte für Loxone -> MODE: 0 | TARGET_POWER: 0.0 kW
2026-06-16 00:41:47 [INFO] (main:66) - 📤 Sende Werte an Loxone...
